<?xml version="1.0" encoding="UTF-8"?>
<testng-results ignored="0" total="2" passed="2" failed="0" skipped="0">
  <reporter-output>
  </reporter-output>
  <suite started-at="2025-04-29T10:11:35 IST" name="masterSuite" finished-at="2025-04-29T10:11:51 IST" duration-ms="15508">
    <groups>
      <group name="Master">
        <method signature="TC001_AccountRegistrationTest.verify_Account_registration()[pri:0, instance:testCases.TC001_AccountRegistrationTest@4409e975]" name="verify_Account_registration" class="testCases.TC001_AccountRegistrationTest"/>
        <method signature="TC002_LoginTest.verify_login()[pri:0, instance:testCases.TC002_LoginTest@758a34ce]" name="verify_login" class="testCases.TC002_LoginTest"/>
      </group> <!-- Master -->
      <group name="Sanity">
        <method signature="TC002_LoginTest.verify_login()[pri:0, instance:testCases.TC002_LoginTest@758a34ce]" name="verify_login" class="testCases.TC002_LoginTest"/>
      </group> <!-- Sanity -->
      <group name="Regression">
        <method signature="TC001_AccountRegistrationTest.verify_Account_registration()[pri:0, instance:testCases.TC001_AccountRegistrationTest@4409e975]" name="verify_Account_registration" class="testCases.TC001_AccountRegistrationTest"/>
      </group> <!-- Regression -->
    </groups>
    <test started-at="2025-04-29T10:11:35 IST" name="Test" finished-at="2025-04-29T10:11:51 IST" duration-ms="15508">
      <class name="testCases.TC002_LoginTest">
        <test-method is-config="true" signature="setup(java.lang.String,java.lang.String)[pri:0, instance:testCases.TC002_LoginTest@758a34ce]" started-at="2025-04-29T10:11:44 IST" name="setup" finished-at="2025-04-29T10:11:48 IST" duration-ms="3116" status="PASS">
          <params>
            <param index="0">
              <value>
                <![CDATA[windows]]>
              </value>
            </param>
            <param index="1">
              <value>
                <![CDATA[chrome]]>
              </value>
            </param>
          </params>
          <reporter-output>
          </reporter-output>
        </test-method> <!-- setup -->
        <test-method signature="verify_login()[pri:0, instance:testCases.TC002_LoginTest@758a34ce]" started-at="2025-04-29T10:11:48 IST" name="verify_login" finished-at="2025-04-29T10:11:50 IST" duration-ms="2665" status="PASS">
          <reporter-output>
          </reporter-output>
        </test-method> <!-- verify_login -->
        <test-method is-config="true" signature="tearDown()[pri:0, instance:testCases.TC002_LoginTest@758a34ce]" started-at="2025-04-29T10:11:50 IST" name="tearDown" finished-at="2025-04-29T10:11:51 IST" duration-ms="429" status="PASS">
          <reporter-output>
          </reporter-output>
        </test-method> <!-- tearDown -->
      </class> <!-- testCases.TC002_LoginTest -->
      <class name="testCases.TC001_AccountRegistrationTest">
        <test-method is-config="true" signature="setup(java.lang.String,java.lang.String)[pri:0, instance:testCases.TC001_AccountRegistrationTest@4409e975]" started-at="2025-04-29T10:11:36 IST" name="setup" finished-at="2025-04-29T10:11:40 IST" duration-ms="4793" status="PASS">
          <params>
            <param index="0">
              <value>
                <![CDATA[windows]]>
              </value>
            </param>
            <param index="1">
              <value>
                <![CDATA[chrome]]>
              </value>
            </param>
          </params>
          <reporter-output>
          </reporter-output>
        </test-method> <!-- setup -->
        <test-method signature="verify_Account_registration()[pri:0, instance:testCases.TC001_AccountRegistrationTest@4409e975]" started-at="2025-04-29T10:11:40 IST" name="verify_Account_registration" finished-at="2025-04-29T10:11:44 IST" duration-ms="3528" status="PASS">
          <reporter-output>
          </reporter-output>
        </test-method> <!-- verify_Account_registration -->
        <test-method is-config="true" signature="tearDown()[pri:0, instance:testCases.TC001_AccountRegistrationTest@4409e975]" started-at="2025-04-29T10:11:44 IST" name="tearDown" finished-at="2025-04-29T10:11:44 IST" duration-ms="443" status="PASS">
          <reporter-output>
          </reporter-output>
        </test-method> <!-- tearDown -->
      </class> <!-- testCases.TC001_AccountRegistrationTest -->
    </test> <!-- Test -->
  </suite> <!-- masterSuite -->
</testng-results>
