<?xml version="1.0" encoding="UTF-8"?>
<!-- Generated by org.testng.reporters.JUnitXMLReporter -->
<testsuite ignored="0" hostname="DESKTOP-E3B8LTJ" failures="0" tests="2" name="Test3" time="331.269" errors="0" timestamp="2025-05-01T22:30:21 IST">
  <testcase classname="testCases.TC001_AccountRegistrationTest" name="verify_Account_registration" time="0.0">
    <skipped/>
  </testcase> <!-- verify_Account_registration -->
  <testcase classname="testCases.TC002_LoginTest" name="verify_login" time="0.0">
    <skipped/>
  </testcase> <!-- verify_login -->
</testsuite> <!-- Test3 -->
